[debug] [2024-05-23T02:40:52.637Z] ----------------------------------------------------------------------
[debug] [2024-05-23T02:40:52.638Z] Command:       /usr/bin/node /usr/local/bin/firebase emulators:start
[debug] [2024-05-23T02:40:52.639Z] CLI Version:   13.6.0
[debug] [2024-05-23T02:40:52.639Z] Platform:      linux
[debug] [2024-05-23T02:40:52.639Z] Node Version:  v18.13.0
[debug] [2024-05-23T02:40:52.639Z] Time:          Wed May 22 2024 22:40:52 GMT-0400 (Eastern Daylight Time)
[debug] [2024-05-23T02:40:52.640Z] ----------------------------------------------------------------------
[debug] 
[debug] [2024-05-23T02:40:52.714Z] Object ".functions" in "firebase.json" has unknown property: {"additionalProperty":"target"}
[debug] [2024-05-23T02:40:52.714Z] Field ".functions" in "firebase.json" is possibly invalid: should be array
[debug] [2024-05-23T02:40:52.715Z] Field ".functions" in "firebase.json" is possibly invalid: should match some schema in anyOf
[debug] [2024-05-23T02:40:52.719Z] > command requires scopes: ["email","openid","https://www.googleapis.com/auth/cloudplatformprojects.readonly","https://www.googleapis.com/auth/firebase","https://www.googleapis.com/auth/cloud-platform"]
[debug] [2024-05-23T02:40:52.719Z] > authorizing via signed-in user (scufrugalinnovation@gmail.com)
[info] i  emulators: Starting emulators: functions {"metadata":{"emulator":{"name":"hub"},"message":"Starting emulators: functions"}}
[debug] [2024-05-23T02:40:52.726Z] [logging] Logging Emulator only supports listening on one address (127.0.0.1). Not listening on ::1
[debug] [2024-05-23T02:40:52.726Z] assigned listening specs for emulators {"user":{"hub":[{"address":"127.0.0.1","family":"IPv4","port":4400},{"address":"::1","family":"IPv6","port":4400}],"ui":[{"address":"127.0.0.1","family":"IPv4","port":4000},{"address":"::1","family":"IPv6","port":4000}],"logging":[{"address":"127.0.0.1","family":"IPv4","port":4500}]},"metadata":{"message":"assigned listening specs for emulators"}}
[debug] [2024-05-23T02:40:52.731Z] [hub] writing locator at /tmp/hub-nicaragua-project.json
[debug] [2024-05-23T02:40:52.743Z] [functions] Functions Emulator only supports listening on one address (127.0.0.1). Not listening on ::1
[debug] [2024-05-23T02:40:52.743Z] [eventarc] Eventarc Emulator only supports listening on one address (127.0.0.1). Not listening on ::1
[debug] [2024-05-23T02:40:52.743Z] late-assigned ports for functions and eventarc emulators {"user":{"hub":[{"address":"127.0.0.1","family":"IPv4","port":4400},{"address":"::1","family":"IPv6","port":4400}],"ui":[{"address":"127.0.0.1","family":"IPv4","port":4000},{"address":"::1","family":"IPv6","port":4000}],"logging":[{"address":"127.0.0.1","family":"IPv4","port":4500}],"functions":[{"address":"127.0.0.1","family":"IPv4","port":5001}],"eventarc":[{"address":"127.0.0.1","family":"IPv4","port":9299}]},"metadata":{"message":"late-assigned ports for functions and eventarc emulators"}}
[warn] ⚠  functions: The following emulators are not running, calls to these services from the Functions emulator will affect production: auth, firestore, database, hosting, pubsub, storage {"metadata":{"emulator":{"name":"functions"},"message":"The following emulators are not running, calls to these services from the Functions emulator will affect production: \u001b[1mauth, firestore, database, hosting, pubsub, storage\u001b[22m"}}
[debug] [2024-05-23T02:40:52.746Z] defaultcredentials: writing to file /home/giulliano/.config/firebase/scufrugalinnovation_gmail_com_application_default_credentials.json
[debug] [2024-05-23T02:40:52.747Z] Setting GAC to /home/giulliano/.config/firebase/scufrugalinnovation_gmail_com_application_default_credentials.json {"metadata":{"emulator":{"name":"functions"},"message":"Setting GAC to /home/giulliano/.config/firebase/scufrugalinnovation_gmail_com_application_default_credentials.json"}}
[debug] [2024-05-23T02:40:52.748Z] > refreshing access token with scopes: []
[debug] [2024-05-23T02:40:52.750Z] >>> [apiv2][query] POST https://www.googleapis.com/oauth2/v3/token [none]
[debug] [2024-05-23T02:40:52.750Z] >>> [apiv2][body] POST https://www.googleapis.com/oauth2/v3/token [omitted]
[debug] [2024-05-23T02:40:52.866Z] <<< [apiv2][status] POST https://www.googleapis.com/oauth2/v3/token 200
[debug] [2024-05-23T02:40:52.866Z] <<< [apiv2][body] POST https://www.googleapis.com/oauth2/v3/token [omitted]
[debug] [2024-05-23T02:40:52.889Z] >>> [apiv2][query] GET https://firebase.googleapis.com/v1beta1/projects/nicaragua-project/adminSdkConfig [none]
[debug] [2024-05-23T02:40:53.459Z] <<< [apiv2][status] GET https://firebase.googleapis.com/v1beta1/projects/nicaragua-project/adminSdkConfig 200
[debug] [2024-05-23T02:40:53.460Z] <<< [apiv2][body] GET https://firebase.googleapis.com/v1beta1/projects/nicaragua-project/adminSdkConfig {"projectId":"nicaragua-project","storageBucket":"nicaragua-project.appspot.com","locationId":"us-west3"}
[debug] [2024-05-23T02:40:53.491Z] Ignoring unsupported arg: auto_download {"metadata":{"emulator":{"name":"ui"},"message":"Ignoring unsupported arg: auto_download"}}
[debug] [2024-05-23T02:40:53.491Z] Ignoring unsupported arg: port {"metadata":{"emulator":{"name":"ui"},"message":"Ignoring unsupported arg: port"}}
[debug] [2024-05-23T02:40:53.491Z] Starting Emulator UI with command {"binary":"node","args":["/home/giulliano/.cache/firebase/emulators/ui-v1.11.8/server/server.mjs"],"optionalArgs":[],"joinArgs":false} {"metadata":{"emulator":{"name":"ui"},"message":"Starting Emulator UI with command {\"binary\":\"node\",\"args\":[\"/home/giulliano/.cache/firebase/emulators/ui-v1.11.8/server/server.mjs\"],\"optionalArgs\":[],\"joinArgs\":false}"}}
[info] i  ui: Emulator UI logging to ui-debug.log {"metadata":{"emulator":{"name":"ui"},"message":"Emulator UI logging to \u001b[1mui-debug.log\u001b[22m"}}
[debug] [2024-05-23T02:40:53.668Z] Web / API server started at 127.0.0.1:4000
 {"metadata":{"emulator":{"name":"ui"},"message":"Web / API server started at 127.0.0.1:4000\n"}}
[debug] [2024-05-23T02:40:53.669Z] Web / API server started at ::1:4000
 {"metadata":{"emulator":{"name":"ui"},"message":"Web / API server started at ::1:4000\n"}}
[info] i  functions: Watching "/home/giulliano/Projects/NicaAgua-Backend/" for Cloud Functions... {"metadata":{"emulator":{"name":"functions"},"message":"Watching \"/home/giulliano/Projects/NicaAgua-Backend/\" for Cloud Functions..."}}
[debug] [2024-05-23T02:40:53.766Z] Validating nodejs source
[warn] ⚠  functions: package.json indicates an outdated version of firebase-functions. Please upgrade using npm install --save firebase-functions@latest in your functions directory. 
[warn] ⚠  functions: Please note that there will be breaking changes when you upgrade. 
[debug] [2024-05-23T02:40:54.309Z] > [functions] package.json contents: {
  "name": "nicaragua-backend",
  "version": "1.0.0",
  "description": "",
  "main": "index.js",
  "scripts": {
    "test": "nyc --reporter=html --reporter=text mocha Test/*.js",
    "start": "node PresentationLayer/nicaraguaApp.js -p 3001"
  },
  "engines": {
    "node": "16"
  },
  "author": "Giulliano Siviero",
  "license": "ISC",
  "dependencies": {
    "bcrypt": "^5.0.1",
    "commander": "^9.4.1",
    "cors": "^2.8.5",
    "crypto": "^1.0.1",
    "dotenv": "^16.4.5",
    "express": "^4.17.2",
    "firebase-admin": "^10.0.2",
    "firebase-functions": "^4.7.0",
    "jsonwebtoken": "^8.5.1",
    "moment": "^2.29.4",
    "nyc": "^15.1.0",
    "request": "^2.88.2"
  },
  "mocha.files.glob": "Test/**.js",
  "devDependencies": {
    "mocha": "^10.4.0"
  }
}
[debug] [2024-05-23T02:40:54.309Z] Building nodejs source
[debug] [2024-05-23T02:40:54.310Z] Failed to find version of module node: reached end of search path /home/giulliano/Projects/NicaAgua-Backend/node_modules
[warn] ⚠  functions: Your requested "node" version "16" doesn't match your global version "18". Using node@18 from host. 
[info] i  functions: Loaded environment variables from .env. 
[debug] [2024-05-23T02:40:54.313Z] Could not find functions.yaml. Must use http discovery
[debug] [2024-05-23T02:40:54.321Z] Found firebase-functions binary at '/home/giulliano/Projects/NicaAgua-Backend/node_modules/.bin/firebase-functions'
[info] Serving at port 8424

[debug] [2024-05-23T02:40:54.712Z] Got response from /__/functions.yaml {"endpoints":{"api":{"platform":"gcfv1","availableMemoryMb":null,"timeoutSeconds":null,"minInstances":null,"maxInstances":null,"ingressSettings":null,"serviceAccountEmail":null,"vpc":null,"httpsTrigger":{},"entryPoint":"api"}},"specVersion":"v1alpha1","requiredAPIs":[]}
[info] ✔  functions: Loaded functions definitions from source: api. {"metadata":{"emulator":{"name":"functions"},"message":"Loaded functions definitions from source: api."}}
[info] ✔  functions[us-central1-api]: http function initialized (http://127.0.0.1:5001/nicaragua-project/us-central1/api). {"metadata":{"emulator":{"name":"functions"},"message":"\u001b[1mhttp\u001b[22m function initialized (http://127.0.0.1:5001/nicaragua-project/us-central1/api)."}}
[info] 
┌─────────────────────────────────────────────────────────────┐
│ ✔  All emulators ready! It is now safe to connect your app. │
│ i  View Emulator UI at http://127.0.0.1:4000/               │
└─────────────────────────────────────────────────────────────┘

┌───────────┬────────────────┬─────────────────────────────────┐
│ Emulator  │ Host:Port      │ View in Emulator UI             │
├───────────┼────────────────┼─────────────────────────────────┤
│ Functions │ 127.0.0.1:5001 │ http://127.0.0.1:4000/functions │
└───────────┴────────────────┴─────────────────────────────────┘
  Emulator Hub running at 127.0.0.1:4400
  Other reserved ports: 4500

Issues? Report them at https://github.com/firebase/firebase-tools/issues and attach the *-debug.log files.
 
[debug] [2024-05-23T02:41:00.490Z] [work-queue] {"queuedWork":["/nicaragua-project/us-central1/api/user/login-2024-05-23T02:41:00.490Z"],"queueLength":1,"runningWork":[],"workRunningCount":0}
[debug] [2024-05-23T02:41:00.490Z] [work-queue] {"queuedWork":[],"queueLength":0,"runningWork":["/nicaragua-project/us-central1/api/user/login-2024-05-23T02:41:00.490Z"],"workRunningCount":1}
[debug] [2024-05-23T02:41:00.490Z] Accepted request POST /nicaragua-project/us-central1/api/user/login --> us-central1-api
[debug] [2024-05-23T02:41:00.492Z] [functions] Runtime ready! Sending request! {"metadata":{"emulator":{"name":"functions"},"message":"[functions] Runtime ready! Sending request!"}}
[debug] [2024-05-23T02:41:00.492Z] [functions] Got req.url=/nicaragua-project/us-central1/api/user/login, mapping to path=/user/login {"metadata":{"emulator":{"name":"functions"},"message":"[functions] Got req.url=/nicaragua-project/us-central1/api/user/login, mapping to path=/user/login"}}
[info] i  functions: Loaded environment variables from .env. 
[debug] [2024-05-23T02:41:00.506Z] [worker-pool] addWorker(us-central1-api) {"metadata":{"emulator":{"name":"functions"},"message":"[worker-pool] addWorker(us-central1-api)"}}
[debug] [2024-05-23T02:41:00.507Z] [worker-pool] Adding worker with key us-central1-api, total=1 {"metadata":{"emulator":{"name":"functions"},"message":"[worker-pool] Adding worker with key us-central1-api, total=1"}}
[debug] [2024-05-23T02:41:01.158Z] [runtime-status] [2291067] Resolved module firebase-admin {"declared":true,"installed":true,"version":"10.0.2","resolution":"/home/giulliano/Projects/NicaAgua-Backend/node_modules/firebase-admin/lib/index.js"} {"metadata":{"emulator":{"name":"functions"},"function":{"name":"us-central1-api"},"extension":{},"message":"[runtime-status] [2291067] Resolved module firebase-admin {\"declared\":true,\"installed\":true,\"version\":\"10.0.2\",\"resolution\":\"/home/giulliano/Projects/NicaAgua-Backend/node_modules/firebase-admin/lib/index.js\"}"}}
[debug] [2024-05-23T02:41:01.158Z] [runtime-status] [2291067] Resolved module firebase-functions {"declared":true,"installed":true,"version":"4.7.0","resolution":"/home/giulliano/Projects/NicaAgua-Backend/node_modules/firebase-functions/lib/v1/index.js"} {"metadata":{"emulator":{"name":"functions"},"function":{"name":"us-central1-api"},"extension":{},"message":"[runtime-status] [2291067] Resolved module firebase-functions {\"declared\":true,\"installed\":true,\"version\":\"4.7.0\",\"resolution\":\"/home/giulliano/Projects/NicaAgua-Backend/node_modules/firebase-functions/lib/v1/index.js\"}"}}
[debug] [2024-05-23T02:41:01.158Z] [runtime-status] [2291067] Outgoing network have been stubbed. [{"name":"http","status":"mocked"},{"name":"http","status":"mocked"},{"name":"https","status":"mocked"},{"name":"https","status":"mocked"},{"name":"net","status":"mocked"}] {"metadata":{"emulator":{"name":"functions"},"function":{"name":"us-central1-api"},"extension":{},"message":"[runtime-status] [2291067] Outgoing network have been stubbed. [{\"name\":\"http\",\"status\":\"mocked\"},{\"name\":\"http\",\"status\":\"mocked\"},{\"name\":\"https\",\"status\":\"mocked\"},{\"name\":\"https\",\"status\":\"mocked\"},{\"name\":\"net\",\"status\":\"mocked\"}]"}}
[debug] [2024-05-23T02:41:01.160Z] [runtime-status] [2291067] Resolved module firebase-functions {"declared":true,"installed":true,"version":"4.7.0","resolution":"/home/giulliano/Projects/NicaAgua-Backend/node_modules/firebase-functions/lib/v1/index.js"} {"metadata":{"emulator":{"name":"functions"},"function":{"name":"us-central1-api"},"extension":{},"message":"[runtime-status] [2291067] Resolved module firebase-functions {\"declared\":true,\"installed\":true,\"version\":\"4.7.0\",\"resolution\":\"/home/giulliano/Projects/NicaAgua-Backend/node_modules/firebase-functions/lib/v1/index.js\"}"}}
[debug] [2024-05-23T02:41:01.272Z] [runtime-status] [2291067] Checked functions.config() {"config":{}} {"metadata":{"emulator":{"name":"functions"},"function":{"name":"us-central1-api"},"extension":{},"message":"[runtime-status] [2291067] Checked functions.config() {\"config\":{}}"}}
[debug] [2024-05-23T02:41:01.272Z] [runtime-status] [2291067] firebase-functions has been stubbed. {"functionsResolution":{"declared":true,"installed":true,"version":"4.7.0","resolution":"/home/giulliano/Projects/NicaAgua-Backend/node_modules/firebase-functions/lib/v1/index.js"}} {"metadata":{"emulator":{"name":"functions"},"function":{"name":"us-central1-api"},"extension":{},"message":"[runtime-status] [2291067] firebase-functions has been stubbed. {\"functionsResolution\":{\"declared\":true,\"installed\":true,\"version\":\"4.7.0\",\"resolution\":\"/home/giulliano/Projects/NicaAgua-Backend/node_modules/firebase-functions/lib/v1/index.js\"}}"}}
[debug] [2024-05-23T02:41:01.273Z] [runtime-status] [2291067] Resolved module firebase-functions {"declared":true,"installed":true,"version":"4.7.0","resolution":"/home/giulliano/Projects/NicaAgua-Backend/node_modules/firebase-functions/lib/v1/index.js"} {"metadata":{"emulator":{"name":"functions"},"function":{"name":"us-central1-api"},"extension":{},"message":"[runtime-status] [2291067] Resolved module firebase-functions {\"declared\":true,\"installed\":true,\"version\":\"4.7.0\",\"resolution\":\"/home/giulliano/Projects/NicaAgua-Backend/node_modules/firebase-functions/lib/v1/index.js\"}"}}
[debug] [2024-05-23T02:41:01.274Z] [runtime-status] [2291067] Resolved module firebase-admin {"declared":true,"installed":true,"version":"10.0.2","resolution":"/home/giulliano/Projects/NicaAgua-Backend/node_modules/firebase-admin/lib/index.js"} {"metadata":{"emulator":{"name":"functions"},"function":{"name":"us-central1-api"},"extension":{},"message":"[runtime-status] [2291067] Resolved module firebase-admin {\"declared\":true,\"installed\":true,\"version\":\"10.0.2\",\"resolution\":\"/home/giulliano/Projects/NicaAgua-Backend/node_modules/firebase-admin/lib/index.js\"}"}}
[debug] [2024-05-23T02:41:01.275Z] [runtime-status] [2291067] Resolved module firebase-functions {"declared":true,"installed":true,"version":"4.7.0","resolution":"/home/giulliano/Projects/NicaAgua-Backend/node_modules/firebase-functions/lib/v1/index.js"} {"metadata":{"emulator":{"name":"functions"},"function":{"name":"us-central1-api"},"extension":{},"message":"[runtime-status] [2291067] Resolved module firebase-functions {\"declared\":true,\"installed\":true,\"version\":\"4.7.0\",\"resolution\":\"/home/giulliano/Projects/NicaAgua-Backend/node_modules/firebase-functions/lib/v1/index.js\"}"}}
[debug] [2024-05-23T02:41:01.275Z] [runtime-status] [2291067] firebase-admin has been stubbed. {"adminResolution":{"declared":true,"installed":true,"version":"10.0.2","resolution":"/home/giulliano/Projects/NicaAgua-Backend/node_modules/firebase-admin/lib/index.js"}} {"metadata":{"emulator":{"name":"functions"},"function":{"name":"us-central1-api"},"extension":{},"message":"[runtime-status] [2291067] firebase-admin has been stubbed. {\"adminResolution\":{\"declared\":true,\"installed\":true,\"version\":\"10.0.2\",\"resolution\":\"/home/giulliano/Projects/NicaAgua-Backend/node_modules/firebase-admin/lib/index.js\"}}"}}
[debug] [2024-05-23T02:41:01.397Z] [runtime-status] [2291067] Functions runtime initialized. {"cwd":"/home/giulliano/Projects/NicaAgua-Backend","node_version":"18.13.0"} {"metadata":{"emulator":{"name":"functions"},"function":{"name":"us-central1-api"},"extension":{},"message":"[runtime-status] [2291067] Functions runtime initialized. {\"cwd\":\"/home/giulliano/Projects/NicaAgua-Backend\",\"node_version\":\"18.13.0\"}"}}
[debug] [2024-05-23T02:41:01.397Z] [runtime-status] [2291067] Listening to port: /tmp/fire_emu_7e58d8019b634df0.sock {"metadata":{"emulator":{"name":"functions"},"function":{"name":"us-central1-api"},"extension":{},"message":"[runtime-status] [2291067] Listening to port: /tmp/fire_emu_7e58d8019b634df0.sock"}}
[debug] [2024-05-23T02:41:01.420Z] [worker-us-central1-api-df554c75-e79a-419c-857c-d9cd22f98428]: IDLE {"metadata":{"emulator":{"name":"functions"},"function":{"name":"us-central1-api"},"extension":{},"message":"[worker-us-central1-api-df554c75-e79a-419c-857c-d9cd22f98428]: IDLE"}}
[debug] [2024-05-23T02:41:01.420Z] [worker-pool] submitRequest(triggerId=us-central1-api) {"metadata":{"emulator":{"name":"functions"},"message":"[worker-pool] submitRequest(triggerId=us-central1-api)"}}
[info] i  functions: Beginning execution of "us-central1-api" {"metadata":{"emulator":{"name":"functions"},"function":{"name":"us-central1-api"},"extension":{},"message":"Beginning execution of \"us-central1-api\""}}
[debug] [2024-05-23T02:41:01.421Z] [worker-us-central1-api-df554c75-e79a-419c-857c-d9cd22f98428]: BUSY {"metadata":{"emulator":{"name":"functions"},"function":{"name":"us-central1-api"},"extension":{},"message":"[worker-us-central1-api-df554c75-e79a-419c-857c-d9cd22f98428]: BUSY"}}
[warn] ⚠  Google API requested!
   - URL: "https://oauth2.googleapis.com/token"
   - Be careful, this may be a production service. {"metadata":{"emulator":{"name":"functions"},"function":{"name":"us-central1-api"},"extension":{},"message":"Google API requested!\n   - URL: \"https://oauth2.googleapis.com/token\"\n   - Be careful, this may be a production service."}}
[debug] [2024-05-23T02:41:02.229Z] Finishing up request with event=pause {"metadata":{"emulator":{"name":"functions"},"function":{"name":"us-central1-api"},"extension":{},"message":"Finishing up request with event=pause"}}
[info] i  functions: Finished "us-central1-api" in 808.173021ms {"metadata":{"emulator":{"name":"functions"},"function":{"name":"us-central1-api"},"extension":{},"message":"Finished \"us-central1-api\" in 808.173021ms"}}
[debug] [2024-05-23T02:41:02.229Z] [worker-us-central1-api-df554c75-e79a-419c-857c-d9cd22f98428]: IDLE {"metadata":{"emulator":{"name":"functions"},"function":{"name":"us-central1-api"},"extension":{},"message":"[worker-us-central1-api-df554c75-e79a-419c-857c-d9cd22f98428]: IDLE"}}
[debug] [2024-05-23T02:41:02.229Z] Finishing up request with event=finish {"metadata":{"emulator":{"name":"functions"},"function":{"name":"us-central1-api"},"extension":{},"message":"Finishing up request with event=finish"}}
[debug] [2024-05-23T02:41:02.230Z] Finishing up request with event=close {"metadata":{"emulator":{"name":"functions"},"function":{"name":"us-central1-api"},"extension":{},"message":"Finishing up request with event=close"}}
[debug] [2024-05-23T02:41:02.230Z] [work-queue] {"queuedWork":[],"queueLength":0,"runningWork":[],"workRunningCount":0}
[debug] [2024-05-23T02:41:02.246Z] [work-queue] {"queuedWork":["/nicaragua-project/us-central1/api/shortTerm-2024-05-23T02:41:02.246Z"],"queueLength":1,"runningWork":[],"workRunningCount":0}
[debug] [2024-05-23T02:41:02.246Z] [work-queue] {"queuedWork":[],"queueLength":0,"runningWork":["/nicaragua-project/us-central1/api/shortTerm-2024-05-23T02:41:02.246Z"],"workRunningCount":1}
[debug] [2024-05-23T02:41:02.246Z] Accepted request PUT /nicaragua-project/us-central1/api/shortTerm --> us-central1-api
[debug] [2024-05-23T02:41:02.248Z] [functions] Runtime ready! Sending request! {"metadata":{"emulator":{"name":"functions"},"message":"[functions] Runtime ready! Sending request!"}}
[debug] [2024-05-23T02:41:02.249Z] [functions] Got req.url=/nicaragua-project/us-central1/api/shortTerm, mapping to path=/shortTerm {"metadata":{"emulator":{"name":"functions"},"message":"[functions] Got req.url=/nicaragua-project/us-central1/api/shortTerm, mapping to path=/shortTerm"}}
[debug] [2024-05-23T02:41:02.249Z] [worker-pool] submitRequest(triggerId=us-central1-api) {"metadata":{"emulator":{"name":"functions"},"message":"[worker-pool] submitRequest(triggerId=us-central1-api)"}}
[info] i  functions: Beginning execution of "us-central1-api" {"metadata":{"emulator":{"name":"functions"},"function":{"name":"us-central1-api"},"extension":{},"message":"Beginning execution of \"us-central1-api\""}}
[debug] [2024-05-23T02:41:02.249Z] [worker-us-central1-api-df554c75-e79a-419c-857c-d9cd22f98428]: BUSY {"metadata":{"emulator":{"name":"functions"},"function":{"name":"us-central1-api"},"extension":{},"message":"[worker-us-central1-api-df554c75-e79a-419c-857c-d9cd22f98428]: BUSY"}}
[info] >  [ 'El Naranjito' ] {"user":"[ 'El Naranjito' ]","metadata":{"emulator":{"name":"functions"},"function":{"name":"us-central1-api"},"extension":{},"message":"\u001b[90m> \u001b[39m [ 'El Naranjito' ]"}}
[warn] ⚠  Google API requested!
   - URL: "https://fcm.googleapis.com/fcm/send"
   - Be careful, this may be a production service. {"metadata":{"emulator":{"name":"functions"},"function":{"name":"us-central1-api"},"extension":{},"message":"Google API requested!\n   - URL: \"https://fcm.googleapis.com/fcm/send\"\n   - Be careful, this may be a production service."}}
[info] >  StatusCode:  200 {"user":"StatusCode:  200","metadata":{"emulator":{"name":"functions"},"function":{"name":"us-central1-api"},"extension":{},"message":"\u001b[90m> \u001b[39m StatusCode:  200"}}
[info] >  StatusCode:  200 {"user":"StatusCode:  200","metadata":{"emulator":{"name":"functions"},"function":{"name":"us-central1-api"},"extension":{},"message":"\u001b[90m> \u001b[39m StatusCode:  200"}}
[debug] [2024-05-23T02:41:02.595Z] Finishing up request with event=pause {"metadata":{"emulator":{"name":"functions"},"function":{"name":"us-central1-api"},"extension":{},"message":"Finishing up request with event=pause"}}
[info] i  functions: Finished "us-central1-api" in 346.582605ms {"metadata":{"emulator":{"name":"functions"},"function":{"name":"us-central1-api"},"extension":{},"message":"Finished \"us-central1-api\" in 346.582605ms"}}
[debug] [2024-05-23T02:41:02.596Z] [worker-us-central1-api-df554c75-e79a-419c-857c-d9cd22f98428]: IDLE {"metadata":{"emulator":{"name":"functions"},"function":{"name":"us-central1-api"},"extension":{},"message":"[worker-us-central1-api-df554c75-e79a-419c-857c-d9cd22f98428]: IDLE"}}
[debug] [2024-05-23T02:41:02.596Z] Finishing up request with event=finish {"metadata":{"emulator":{"name":"functions"},"function":{"name":"us-central1-api"},"extension":{},"message":"Finishing up request with event=finish"}}
[debug] [2024-05-23T02:41:02.596Z] Finishing up request with event=close {"metadata":{"emulator":{"name":"functions"},"function":{"name":"us-central1-api"},"extension":{},"message":"Finishing up request with event=close"}}
[debug] [2024-05-23T02:41:02.596Z] [work-queue] {"queuedWork":[],"queueLength":0,"runningWork":[],"workRunningCount":0}
